2017-12-19 15:45:34,002 INFO o.a.j.u.JMeterUtils: Setting Locale to en_US
2017-12-19 15:45:34,013 INFO o.a.j.JMeter: Loading user properties from: /usr/local/apache-jmeter-3.3/bin/user.properties
2017-12-19 15:45:34,014 INFO o.a.j.JMeter: Loading system properties from: /usr/local/apache-jmeter-3.3/bin/system.properties
2017-12-19 15:45:34,018 INFO o.a.j.JMeter: Copyright (c) 1998-2017 The Apache Software Foundation
2017-12-19 15:45:34,018 INFO o.a.j.JMeter: Version 3.3 r1808647
2017-12-19 15:45:34,018 INFO o.a.j.JMeter: java.version=1.8.0_131
2017-12-19 15:45:34,018 INFO o.a.j.JMeter: java.vm.name=Java HotSpot(TM) 64-Bit Server VM
2017-12-19 15:45:34,018 INFO o.a.j.JMeter: os.name=Linux
2017-12-19 15:45:34,018 INFO o.a.j.JMeter: os.arch=amd64
2017-12-19 15:45:34,019 INFO o.a.j.JMeter: os.version=4.4.0-98-generic
2017-12-19 15:45:34,019 INFO o.a.j.JMeter: file.encoding=UTF-8
2017-12-19 15:45:34,019 INFO o.a.j.JMeter: Max memory     =2147483648
2017-12-19 15:45:34,019 INFO o.a.j.JMeter: Available Processors =4
2017-12-19 15:45:34,022 INFO o.a.j.JMeter: Default Locale=English (United States)
2017-12-19 15:45:34,023 INFO o.a.j.JMeter: JMeter  Locale=English (United States)
2017-12-19 15:45:34,023 INFO o.a.j.JMeter: JMeterHome=/usr/local/apache-jmeter-3.3
2017-12-19 15:45:34,023 INFO o.a.j.JMeter: user.dir  =/home/s4/Sources/geoserver-performance-testing
2017-12-19 15:45:34,023 INFO o.a.j.JMeter: PWD       =/home/s4/Sources/geoserver-performance-testing
2017-12-19 15:45:34,023 INFO o.a.j.JMeter: IP: 127.0.0.1 Name: Sun FullName: localhost
2017-12-19 15:45:34,219 INFO o.a.j.g.a.LookAndFeelCommand: Using look and feel: javax.swing.plaf.metal.MetalLookAndFeel [Metal, CrossPlatform]
2017-12-19 15:45:34,223 INFO o.a.j.JMeter: Loaded icon properties from org/apache/jmeter/images/icon.properties
2017-12-19 15:45:34,855 INFO o.a.j.e.u.CompoundVariable: Note: Function class names must contain the string: '.functions.'
2017-12-19 15:45:34,855 INFO o.a.j.e.u.CompoundVariable: Note: Function class names must not contain the string: '.gui.'
2017-12-19 15:45:35,773 INFO o.a.j.JMeter: Loading file: Sources/geoserver-performance-testing/haskel.jmx
2017-12-19 15:45:35,774 INFO o.a.j.s.FileServer: Default base='/home/s4/Sources/geoserver-performance-testing'
2017-12-19 15:45:35,774 INFO o.a.j.s.FileServer: Set new base='/home/s4/Sources/geoserver-performance-testing/Sources/geoserver-performance-testing'
2017-12-19 15:45:36,031 INFO o.a.j.s.SaveService: Testplan (JMX) version: 2.2. Testlog (JTL) version: 2.2
2017-12-19 15:45:36,036 INFO o.a.j.s.SaveService: Using SaveService properties file encoding UTF-8
2017-12-19 15:45:36,038 INFO o.a.j.s.SaveService: Using SaveService properties version 3.2
2017-12-19 15:45:36,042 INFO o.a.j.s.SaveService: Loading file: Sources/geoserver-performance-testing/haskel.jmx
2017-12-19 15:45:36,043 WARN o.j.r.p.TestPlanAnalyzer: Cannot parse file: Sources/geoserver-performance-testing/haskel.jmx
java.io.FileNotFoundException: /home/s4/Sources/geoserver-performance-testing/Sources/geoserver-performance-testing/haskel.jmx (No such file or directory)
	at java.io.FileInputStream.open0(Native Method) ~[?:1.8.0_131]
	at java.io.FileInputStream.open(FileInputStream.java:195) ~[?:1.8.0_131]
	at java.io.FileInputStream.<init>(FileInputStream.java:138) ~[?:1.8.0_131]
	at java.io.FileInputStream.<init>(FileInputStream.java:93) ~[?:1.8.0_131]
	at sun.net.www.protocol.file.FileURLConnection.connect(FileURLConnection.java:90) ~[?:1.8.0_131]
	at sun.net.www.protocol.file.FileURLConnection.getInputStream(FileURLConnection.java:188) ~[?:1.8.0_131]
	at org.apache.xerces.impl.XMLEntityManager.setupCurrentEntity(Unknown Source) ~[xercesImpl-2.11.0.jar:?]
	at org.apache.xerces.impl.XMLVersionDetector.determineDocVersion(Unknown Source) ~[xercesImpl-2.11.0.jar:?]
	at org.apache.xerces.parsers.XML11Configuration.parse(Unknown Source) ~[xercesImpl-2.11.0.jar:?]
	at org.apache.xerces.parsers.XML11Configuration.parse(Unknown Source) ~[xercesImpl-2.11.0.jar:?]
	at org.apache.xerces.parsers.XMLParser.parse(Unknown Source) ~[xercesImpl-2.11.0.jar:?]
	at org.apache.xerces.parsers.DOMParser.parse(Unknown Source) ~[xercesImpl-2.11.0.jar:?]
	at org.apache.xerces.jaxp.DocumentBuilderImpl.parse(Unknown Source) ~[xercesImpl-2.11.0.jar:?]
	at javax.xml.parsers.DocumentBuilder.parse(DocumentBuilder.java:177) ~[?:1.8.0_131]
	at org.jmeterplugins.repository.plugins.TestPlanAnalyzer.getNodeListWithClassNames(TestPlanAnalyzer.java:58) [jmeter-plugins-manager-0.18.jar:?]
	at org.jmeterplugins.repository.plugins.TestPlanAnalyzer.analyze(TestPlanAnalyzer.java:32) [jmeter-plugins-manager-0.18.jar:?]
	at org.jmeterplugins.repository.plugins.PluginSuggester.analyzeTestPlan(PluginSuggester.java:51) [jmeter-plugins-manager-0.18.jar:?]
	at org.jmeterplugins.repository.plugins.PluginSuggester.findPluginsToInstall(PluginSuggester.java:44) [jmeter-plugins-manager-0.18.jar:?]
	at org.jmeterplugins.repository.plugins.PluginSuggester.checkAndSuggest(PluginSuggester.java:28) [jmeter-plugins-manager-0.18.jar:?]
	at org.jmeterplugins.repository.logging.LoggerAppender.append(LoggerAppender.java:33) [jmeter-plugins-manager-0.18.jar:?]
	at org.apache.logging.log4j.core.config.AppenderControl.tryCallAppender(AppenderControl.java:156) [log4j-core-2.8.2.jar:2.8.2]
	at org.apache.logging.log4j.core.config.AppenderControl.callAppender0(AppenderControl.java:129) [log4j-core-2.8.2.jar:2.8.2]
	at org.apache.logging.log4j.core.config.AppenderControl.callAppenderPreventRecursion(AppenderControl.java:120) [log4j-core-2.8.2.jar:2.8.2]
	at org.apache.logging.log4j.core.config.AppenderControl.callAppender(AppenderControl.java:84) [log4j-core-2.8.2.jar:2.8.2]
	at org.apache.logging.log4j.core.config.LoggerConfig.callAppenders(LoggerConfig.java:448) [log4j-core-2.8.2.jar:2.8.2]
	at org.apache.logging.log4j.core.config.LoggerConfig.processLogEvent(LoggerConfig.java:433) [log4j-core-2.8.2.jar:2.8.2]
	at org.apache.logging.log4j.core.config.LoggerConfig.log(LoggerConfig.java:417) [log4j-core-2.8.2.jar:2.8.2]
	at org.apache.logging.log4j.core.config.LoggerConfig.log(LoggerConfig.java:403) [log4j-core-2.8.2.jar:2.8.2]
	at org.apache.logging.log4j.core.config.AwaitCompletionReliabilityStrategy.log(AwaitCompletionReliabilityStrategy.java:63) [log4j-core-2.8.2.jar:2.8.2]
	at org.apache.logging.log4j.core.Logger.logMessage(Logger.java:146) [log4j-core-2.8.2.jar:2.8.2]
	at org.apache.logging.log4j.spi.AbstractLogger.logMessageSafely(AbstractLogger.java:2091) [log4j-api-2.8.2.jar:2.8.2]
	at org.apache.logging.log4j.spi.AbstractLogger.logMessage(AbstractLogger.java:2005) [log4j-api-2.8.2.jar:2.8.2]
	at org.apache.logging.log4j.spi.AbstractLogger.logIfEnabled(AbstractLogger.java:1876) [log4j-api-2.8.2.jar:2.8.2]
	at org.apache.logging.slf4j.Log4jLogger.info(Log4jLogger.java:184) [log4j-slf4j-impl-2.8.2.jar:2.8.2]
	at org.apache.jmeter.save.SaveService.loadTree(SaveService.java:422) [ApacheJMeter_core.jar:3.3 r1808647]
	at org.apache.jmeter.JMeter.startGui(JMeter.java:386) [ApacheJMeter_core.jar:3.3 r1808647]
	at org.apache.jmeter.JMeter.start(JMeter.java:519) [ApacheJMeter_core.jar:3.3 r1808647]
	at sun.reflect.NativeMethodAccessorImpl.invoke0(Native Method) ~[?:1.8.0_131]
	at sun.reflect.NativeMethodAccessorImpl.invoke(NativeMethodAccessorImpl.java:62) ~[?:1.8.0_131]
	at sun.reflect.DelegatingMethodAccessorImpl.invoke(DelegatingMethodAccessorImpl.java:43) ~[?:1.8.0_131]
	at java.lang.reflect.Method.invoke(Method.java:498) ~[?:1.8.0_131]
	at org.apache.jmeter.NewDriver.main(NewDriver.java:248) [ApacheJMeter.jar:3.3 r1808647]
2017-12-19 15:45:36,049 ERROR o.a.j.JMeter: Failure loading test file
java.io.FileNotFoundException: Sources/geoserver-performance-testing/haskel.jmx (No such file or directory)
	at java.io.FileInputStream.open0(Native Method) ~[?:1.8.0_131]
	at java.io.FileInputStream.open(FileInputStream.java:195) ~[?:1.8.0_131]
	at java.io.FileInputStream.<init>(FileInputStream.java:138) ~[?:1.8.0_131]
	at org.apache.jmeter.save.SaveService.loadTree(SaveService.java:423) ~[ApacheJMeter_core.jar:3.3 r1808647]
	at org.apache.jmeter.JMeter.startGui(JMeter.java:386) [ApacheJMeter_core.jar:3.3 r1808647]
	at org.apache.jmeter.JMeter.start(JMeter.java:519) [ApacheJMeter_core.jar:3.3 r1808647]
	at sun.reflect.NativeMethodAccessorImpl.invoke0(Native Method) ~[?:1.8.0_131]
	at sun.reflect.NativeMethodAccessorImpl.invoke(NativeMethodAccessorImpl.java:62) ~[?:1.8.0_131]
	at sun.reflect.DelegatingMethodAccessorImpl.invoke(DelegatingMethodAccessorImpl.java:43) ~[?:1.8.0_131]
	at java.lang.reflect.Method.invoke(Method.java:498) ~[?:1.8.0_131]
	at org.apache.jmeter.NewDriver.main(NewDriver.java:248) [ApacheJMeter.jar:3.3 r1808647]
2017-12-19 15:45:37,770 INFO o.a.j.p.h.s.HTTPSamplerBase: Parser for text/html is org.apache.jmeter.protocol.http.parser.LagartoBasedHtmlParser
2017-12-19 15:45:37,770 INFO o.a.j.p.h.s.HTTPSamplerBase: Parser for application/xhtml+xml is org.apache.jmeter.protocol.http.parser.LagartoBasedHtmlParser
2017-12-19 15:45:37,771 INFO o.a.j.p.h.s.HTTPSamplerBase: Parser for application/xml is org.apache.jmeter.protocol.http.parser.LagartoBasedHtmlParser
2017-12-19 15:45:37,771 INFO o.a.j.p.h.s.HTTPSamplerBase: Parser for text/xml is org.apache.jmeter.protocol.http.parser.LagartoBasedHtmlParser
2017-12-19 15:45:37,771 INFO o.a.j.p.h.s.HTTPSamplerBase: Parser for text/vnd.wap.wml is org.apache.jmeter.protocol.http.parser.RegexpHTMLParser
2017-12-19 15:45:37,771 INFO o.a.j.p.h.s.HTTPSamplerBase: Parser for text/css is org.apache.jmeter.protocol.http.parser.CssParser
2017-12-19 15:45:38,227 INFO o.a.j.g.u.MenuFactory: Skipping org.apache.jmeter.assertions.BSFAssertion
2017-12-19 15:45:38,522 INFO o.a.j.g.u.MenuFactory: Skipping org.apache.jmeter.extractor.BSFPostProcessor
2017-12-19 15:45:38,555 INFO o.a.j.g.u.MenuFactory: Skipping org.apache.jmeter.modifiers.BSFPreProcessor
2017-12-19 15:45:38,926 INFO o.a.j.e.KeyToolUtils: keytool found at 'keytool'
2017-12-19 15:45:38,927 INFO o.a.j.p.h.p.ProxyControl: HTTP(S) Test Script Recorder SSL Proxy will use keys that support embedded 3rd party resources in file /usr/local/apache-jmeter-3.3/bin/proxyserver.jks
2017-12-19 15:45:39,041 INFO o.a.j.g.u.MenuFactory: Skipping org.apache.jmeter.protocol.java.sampler.BSFSampler
2017-12-19 15:45:39,154 INFO o.a.j.g.u.MenuFactory: Skipping org.apache.jmeter.protocol.mongodb.config.MongoSourceElement
2017-12-19 15:45:39,154 INFO o.a.j.g.u.MenuFactory: Skipping org.apache.jmeter.protocol.mongodb.sampler.MongoScriptSampler
2017-12-19 15:45:39,212 INFO o.j.r.PluginManager: Plugins Status: [jpgc-graphs-basic=2.0, jpgc-graphs-additional=2.0, blazemeter-debugger=0.6, jpgc-sense=3.4, jpgc-cmd=2.1, jpgc-csl=0.1, jpgc-functions=2.0, jpgc-casutg=2.5, jpgc-dummy=0.2, jpgc-ffw=2.0, jpgc-ggl=2.0, jpgc-fifo=0.2, bzm-parallel=0.2, jpgc-perfmon=2.1, jpgc-plugins-manager=0.18, jpgc-plancheck=2.2, jpgc-tst=2.1, jmeter-core=3.3, jmeter-ftp=3.3, jmeter-http=3.3, jmeter-jdbc=3.3, jmeter-jms=3.3, jmeter-junit=3.3, jmeter-java=3.3, jmeter-ldap=3.3, jmeter-mail=3.3, jmeter-mongodb=3.3, jmeter-native=3.3, jmeter-tcp=3.3, jmeter-components=3.3, jpgc-standard=2.0]
2017-12-19 15:45:39,269 INFO o.a.j.g.u.MenuFactory: Skipping org.apache.jmeter.timers.BSFTimer
2017-12-19 15:45:39,290 INFO o.a.j.g.u.MenuFactory: Skipping org.apache.jmeter.visualizers.BSFListener
2017-12-19 15:45:39,486 INFO o.a.j.s.SampleResult: Note: Sample TimeStamps are START times
2017-12-19 15:45:39,486 INFO o.a.j.s.SampleResult: sampleresult.default.encoding is set to ISO-8859-1
2017-12-19 15:45:39,486 INFO o.a.j.s.SampleResult: sampleresult.useNanoTime=true
2017-12-19 15:45:39,486 INFO o.a.j.s.SampleResult: sampleresult.nanoThreadSleep=5000
